This is pdfTeX, Version 3.14159265-2.6-1.40.16 (TeX Live 2015) (preloaded format=pdflatex 2016.3.14)  11 DEC 2019 17:31
entering extended mode
 restricted \write18 enabled.
 %&-line parsing enabled.
**Dycon_InverseProblem.tex
(./Dycon_InverseProblem.tex
LaTeX2e <2015/01/01>
Babel <3.9l> and hyphenation patterns for 79 languages loaded.
(/usr/local/texlive/2015/texmf-dist/tex/latex/base/article.cls
Document Class: article 2014/09/29 v1.4h Standard LaTeX document class
(/usr/local/texlive/2015/texmf-dist/tex/latex/base/size10.clo
File: size10.clo 2014/09/29 v1.4h Standard LaTeX file (size option)
)
\c@part=\count79
\c@section=\count80
\c@subsection=\count81
\c@subsubsection=\count82
\c@paragraph=\count83
\c@subparagraph=\count84
\c@figure=\count85
\c@table=\count86
\abovecaptionskip=\skip41
\belowcaptionskip=\skip42
\bibindent=\dimen102
)
(/usr/local/texlive/2015/texmf-dist/tex/latex/a4wide/a4wide.sty
Package: a4wide 1994/08/30

(/usr/local/texlive/2015/texmf-dist/tex/latex/ntgclass/a4.sty
Package: a4 2004/04/15 v1.2g A4 based page layout
))
(/usr/local/texlive/2015/texmf-dist/tex/latex/amsmath/amsmath.sty
Package: amsmath 2013/01/14 v2.14 AMS math features
\@mathmargin=\skip43

For additional information on amsmath, use the `?' option.
(/usr/local/texlive/2015/texmf-dist/tex/latex/amsmath/amstext.sty
Package: amstext 2000/06/29 v2.01

(/usr/local/texlive/2015/texmf-dist/tex/latex/amsmath/amsgen.sty
File: amsgen.sty 1999/11/30 v2.0
\@emptytoks=\toks14
\ex@=\dimen103
))
(/usr/local/texlive/2015/texmf-dist/tex/latex/amsmath/amsbsy.sty
Package: amsbsy 1999/11/29 v1.2d
\pmbraise@=\dimen104
)
(/usr/local/texlive/2015/texmf-dist/tex/latex/amsmath/amsopn.sty
Package: amsopn 1999/12/14 v2.01 operator names
)
\inf@bad=\count87
LaTeX Info: Redefining \frac on input line 210.
\uproot@=\count88
\leftroot@=\count89
LaTeX Info: Redefining \overline on input line 306.
\classnum@=\count90
\DOTSCASE@=\count91
LaTeX Info: Redefining \ldots on input line 378.
LaTeX Info: Redefining \dots on input line 381.
LaTeX Info: Redefining \cdots on input line 466.
\Mathstrutbox@=\box26
\strutbox@=\box27
\big@size=\dimen105
LaTeX Font Info:    Redeclaring font encoding OML on input line 566.
LaTeX Font Info:    Redeclaring font encoding OMS on input line 567.
\macc@depth=\count92
\c@MaxMatrixCols=\count93
\dotsspace@=\muskip10
\c@parentequation=\count94
\dspbrk@lvl=\count95
\tag@help=\toks15
\row@=\count96
\column@=\count97
\maxfields@=\count98
\andhelp@=\toks16
\eqnshift@=\dimen106
\alignsep@=\dimen107
\tagshift@=\dimen108
\tagwidth@=\dimen109
\totwidth@=\dimen110
\lineht@=\dimen111
\@envbody=\toks17
\multlinegap=\skip44
\multlinetaggap=\skip45
\mathdisplay@stack=\toks18
LaTeX Info: Redefining \[ on input line 2665.
LaTeX Info: Redefining \] on input line 2666.
)
(/usr/local/texlive/2015/texmf-dist/tex/latex/amsfonts/amssymb.sty
Package: amssymb 2013/01/14 v3.01 AMS font symbols

(/usr/local/texlive/2015/texmf-dist/tex/latex/amsfonts/amsfonts.sty
Package: amsfonts 2013/01/14 v3.01 Basic AMSFonts support
\symAMSa=\mathgroup4
\symAMSb=\mathgroup5
LaTeX Font Info:    Overwriting math alphabet `\mathfrak' in version `bold'
(Font)                  U/euf/m/n --> U/euf/b/n on input line 106.
))
(/usr/local/texlive/2015/texmf-dist/tex/latex/base/inputenc.sty
Package: inputenc 2015/03/17 v1.2c Input encoding file
\inpenc@prehook=\toks19
\inpenc@posthook=\toks20

(/usr/local/texlive/2015/texmf-dist/tex/latex/base/utf8.def
File: utf8.def 2014/09/29 v1.1m UTF-8 support for inputenc
Now handling font encoding OML ...
... no UTF-8 mapping file for font encoding OML
Now handling font encoding T1 ...
... processing UTF-8 mapping file for font encoding T1

(/usr/local/texlive/2015/texmf-dist/tex/latex/base/t1enc.dfu
File: t1enc.dfu 2014/09/29 v1.1m UTF-8 support for inputenc
   defining Unicode char U+00A1 (decimal 161)
   defining Unicode char U+00A3 (decimal 163)
   defining Unicode char U+00AB (decimal 171)
   defining Unicode char U+00BB (decimal 187)
   defining Unicode char U+00BF (decimal 191)
   defining Unicode char U+00C0 (decimal 192)
   defining Unicode char U+00C1 (decimal 193)
   defining Unicode char U+00C2 (decimal 194)
   defining Unicode char U+00C3 (decimal 195)
   defining Unicode char U+00C4 (decimal 196)
   defining Unicode char U+00C5 (decimal 197)
   defining Unicode char U+00C6 (decimal 198)
   defining Unicode char U+00C7 (decimal 199)
   defining Unicode char U+00C8 (decimal 200)
   defining Unicode char U+00C9 (decimal 201)
   defining Unicode char U+00CA (decimal 202)
   defining Unicode char U+00CB (decimal 203)
   defining Unicode char U+00CC (decimal 204)
   defining Unicode char U+00CD (decimal 205)
   defining Unicode char U+00CE (decimal 206)
   defining Unicode char U+00CF (decimal 207)
   defining Unicode char U+00D0 (decimal 208)
   defining Unicode char U+00D1 (decimal 209)
   defining Unicode char U+00D2 (decimal 210)
   defining Unicode char U+00D3 (decimal 211)
   defining Unicode char U+00D4 (decimal 212)
   defining Unicode char U+00D5 (decimal 213)
   defining Unicode char U+00D6 (decimal 214)
   defining Unicode char U+00D8 (decimal 216)
   defining Unicode char U+00D9 (decimal 217)
   defining Unicode char U+00DA (decimal 218)
   defining Unicode char U+00DB (decimal 219)
   defining Unicode char U+00DC (decimal 220)
   defining Unicode char U+00DD (decimal 221)
   defining Unicode char U+00DE (decimal 222)
   defining Unicode char U+00DF (decimal 223)
   defining Unicode char U+00E0 (decimal 224)
   defining Unicode char U+00E1 (decimal 225)
   defining Unicode char U+00E2 (decimal 226)
   defining Unicode char U+00E3 (decimal 227)
   defining Unicode char U+00E4 (decimal 228)
   defining Unicode char U+00E5 (decimal 229)
   defining Unicode char U+00E6 (decimal 230)
   defining Unicode char U+00E7 (decimal 231)
   defining Unicode char U+00E8 (decimal 232)
   defining Unicode char U+00E9 (decimal 233)
   defining Unicode char U+00EA (decimal 234)
   defining Unicode char U+00EB (decimal 235)
   defining Unicode char U+00EC (decimal 236)
   defining Unicode char U+00ED (decimal 237)
   defining Unicode char U+00EE (decimal 238)
   defining Unicode char U+00EF (decimal 239)
   defining Unicode char U+00F0 (decimal 240)
   defining Unicode char U+00F1 (decimal 241)
   defining Unicode char U+00F2 (decimal 242)
   defining Unicode char U+00F3 (decimal 243)
   defining Unicode char U+00F4 (decimal 244)
   defining Unicode char U+00F5 (decimal 245)
   defining Unicode char U+00F6 (decimal 246)
   defining Unicode char U+00F8 (decimal 248)
   defining Unicode char U+00F9 (decimal 249)
   defining Unicode char U+00FA (decimal 250)
   defining Unicode char U+00FB (decimal 251)
   defining Unicode char U+00FC (decimal 252)
   defining Unicode char U+00FD (decimal 253)
   defining Unicode char U+00FE (decimal 254)
   defining Unicode char U+00FF (decimal 255)
   defining Unicode char U+0102 (decimal 258)
   defining Unicode char U+0103 (decimal 259)
   defining Unicode char U+0104 (decimal 260)
   defining Unicode char U+0105 (decimal 261)
   defining Unicode char U+0106 (decimal 262)
   defining Unicode char U+0107 (decimal 263)
   defining Unicode char U+010C (decimal 268)
   defining Unicode char U+010D (decimal 269)
   defining Unicode char U+010E (decimal 270)
   defining Unicode char U+010F (decimal 271)
   defining Unicode char U+0110 (decimal 272)
   defining Unicode char U+0111 (decimal 273)
   defining Unicode char U+0118 (decimal 280)
   defining Unicode char U+0119 (decimal 281)
   defining Unicode char U+011A (decimal 282)
   defining Unicode char U+011B (decimal 283)
   defining Unicode char U+011E (decimal 286)
   defining Unicode char U+011F (decimal 287)
   defining Unicode char U+0130 (decimal 304)
   defining Unicode char U+0131 (decimal 305)
   defining Unicode char U+0132 (decimal 306)
   defining Unicode char U+0133 (decimal 307)
   defining Unicode char U+0139 (decimal 313)
   defining Unicode char U+013A (decimal 314)
   defining Unicode char U+013D (decimal 317)
   defining Unicode char U+013E (decimal 318)
   defining Unicode char U+0141 (decimal 321)
   defining Unicode char U+0142 (decimal 322)
   defining Unicode char U+0143 (decimal 323)
   defining Unicode char U+0144 (decimal 324)
   defining Unicode char U+0147 (decimal 327)
   defining Unicode char U+0148 (decimal 328)
   defining Unicode char U+014A (decimal 330)
   defining Unicode char U+014B (decimal 331)
   defining Unicode char U+0150 (decimal 336)
   defining Unicode char U+0151 (decimal 337)
   defining Unicode char U+0152 (decimal 338)
   defining Unicode char U+0153 (decimal 339)
   defining Unicode char U+0154 (decimal 340)
   defining Unicode char U+0155 (decimal 341)
   defining Unicode char U+0158 (decimal 344)
   defining Unicode char U+0159 (decimal 345)
   defining Unicode char U+015A (decimal 346)
   defining Unicode char U+015B (decimal 347)
   defining Unicode char U+015E (decimal 350)
   defining Unicode char U+015F (decimal 351)
   defining Unicode char U+0160 (decimal 352)
   defining Unicode char U+0161 (decimal 353)
   defining Unicode char U+0162 (decimal 354)
   defining Unicode char U+0163 (decimal 355)
   defining Unicode char U+0164 (decimal 356)
   defining Unicode char U+0165 (decimal 357)
   defining Unicode char U+016E (decimal 366)
   defining Unicode char U+016F (decimal 367)
   defining Unicode char U+0170 (decimal 368)
   defining Unicode char U+0171 (decimal 369)
   defining Unicode char U+0178 (decimal 376)
   defining Unicode char U+0179 (decimal 377)
   defining Unicode char U+017A (decimal 378)
   defining Unicode char U+017B (decimal 379)
   defining Unicode char U+017C (decimal 380)
   defining Unicode char U+017D (decimal 381)
   defining Unicode char U+017E (decimal 382)
   defining Unicode char U+200C (decimal 8204)
   defining Unicode char U+2013 (decimal 8211)
   defining Unicode char U+2014 (decimal 8212)
   defining Unicode char U+2018 (decimal 8216)
   defining Unicode char U+2019 (decimal 8217)
   defining Unicode char U+201A (decimal 8218)
   defining Unicode char U+201C (decimal 8220)
   defining Unicode char U+201D (decimal 8221)
   defining Unicode char U+201E (decimal 8222)
   defining Unicode char U+2030 (decimal 8240)
   defining Unicode char U+2031 (decimal 8241)
   defining Unicode char U+2039 (decimal 8249)
   defining Unicode char U+203A (decimal 8250)
   defining Unicode char U+2423 (decimal 9251)
)
Now handling font encoding OT1 ...
... processing UTF-8 mapping file for font encoding OT1

(/usr/local/texlive/2015/texmf-dist/tex/latex/base/ot1enc.dfu
File: ot1enc.dfu 2014/09/29 v1.1m UTF-8 support for inputenc
   defining Unicode char U+00A1 (decimal 161)
   defining Unicode char U+00A3 (decimal 163)
   defining Unicode char U+00B8 (decimal 184)
   defining Unicode char U+00BF (decimal 191)
   defining Unicode char U+00C5 (decimal 197)
   defining Unicode char U+00C6 (decimal 198)
   defining Unicode char U+00D8 (decimal 216)
   defining Unicode char U+00DF (decimal 223)
   defining Unicode char U+00E6 (decimal 230)
   defining Unicode char U+00EC (decimal 236)
   defining Unicode char U+00ED (decimal 237)
   defining Unicode char U+00EE (decimal 238)
   defining Unicode char U+00EF (decimal 239)
   defining Unicode char U+00F8 (decimal 248)
   defining Unicode char U+0131 (decimal 305)
   defining Unicode char U+0141 (decimal 321)
   defining Unicode char U+0142 (decimal 322)
   defining Unicode char U+0152 (decimal 338)
   defining Unicode char U+0153 (decimal 339)
   defining Unicode char U+2013 (decimal 8211)
   defining Unicode char U+2014 (decimal 8212)
   defining Unicode char U+2018 (decimal 8216)
   defining Unicode char U+2019 (decimal 8217)
   defining Unicode char U+201C (decimal 8220)
   defining Unicode char U+201D (decimal 8221)
)
Now handling font encoding OMS ...
... processing UTF-8 mapping file for font encoding OMS

(/usr/local/texlive/2015/texmf-dist/tex/latex/base/omsenc.dfu
File: omsenc.dfu 2014/09/29 v1.1m UTF-8 support for inputenc
   defining Unicode char U+00A7 (decimal 167)
   defining Unicode char U+00B6 (decimal 182)
   defining Unicode char U+00B7 (decimal 183)
   defining Unicode char U+2020 (decimal 8224)
   defining Unicode char U+2021 (decimal 8225)
   defining Unicode char U+2022 (decimal 8226)
)
Now handling font encoding OMX ...
... no UTF-8 mapping file for font encoding OMX
Now handling font encoding U ...
... no UTF-8 mapping file for font encoding U
   defining Unicode char U+00A9 (decimal 169)
   defining Unicode char U+00AA (decimal 170)
   defining Unicode char U+00AE (decimal 174)
   defining Unicode char U+00BA (decimal 186)
   defining Unicode char U+02C6 (decimal 710)
   defining Unicode char U+02DC (decimal 732)
   defining Unicode char U+200C (decimal 8204)
   defining Unicode char U+2026 (decimal 8230)
   defining Unicode char U+2122 (decimal 8482)
   defining Unicode char U+2423 (decimal 9251)
))
(/usr/local/texlive/2015/texmf-dist/tex/latex/base/latexsym.sty
Package: latexsym 1998/08/17 v2.2e Standard LaTeX package (lasy symbols)
\symlasy=\mathgroup6
LaTeX Font Info:    Overwriting symbol font `lasy' in version `bold'
(Font)                  U/lasy/m/n --> U/lasy/b/n on input line 52.
)
(/usr/local/texlive/2015/texmf-dist/tex/latex/graphics/graphicx.sty
Package: graphicx 2014/10/28 v1.0g Enhanced LaTeX Graphics (DPC,SPQR)

(/usr/local/texlive/2015/texmf-dist/tex/latex/graphics/keyval.sty
Package: keyval 2014/10/28 v1.15 key=value parser (DPC)
\KV@toks@=\toks21
)
(/usr/local/texlive/2015/texmf-dist/tex/latex/graphics/graphics.sty
Package: graphics 2014/10/28 v1.0p Standard LaTeX Graphics (DPC,SPQR)

(/usr/local/texlive/2015/texmf-dist/tex/latex/graphics/trig.sty
Package: trig 1999/03/16 v1.09 sin cos tan (DPC)
)
(/usr/local/texlive/2015/texmf-dist/tex/latex/latexconfig/graphics.cfg
File: graphics.cfg 2010/04/23 v1.9 graphics configuration of TeX Live
)
Package graphics Info: Driver file: pdftex.def on input line 94.

(/usr/local/texlive/2015/texmf-dist/tex/latex/pdftex-def/pdftex.def
File: pdftex.def 2011/05/27 v0.06d Graphics/color for pdfTeX

(/usr/local/texlive/2015/texmf-dist/tex/generic/oberdiek/infwarerr.sty
Package: infwarerr 2010/04/08 v1.3 Providing info/warning/error messages (HO)
)
(/usr/local/texlive/2015/texmf-dist/tex/generic/oberdiek/ltxcmds.sty
Package: ltxcmds 2011/11/09 v1.22 LaTeX kernel commands for general use (HO)
)
\Gread@gobject=\count99
))
\Gin@req@height=\dimen112
\Gin@req@width=\dimen113
)
(/usr/local/texlive/2015/texmf-dist/tex/latex/caption/subcaption.sty
Package: subcaption 2013/02/03 v1.1-62 Sub-captions (AR)

(/usr/local/texlive/2015/texmf-dist/tex/latex/caption/caption.sty
Package: caption 2013/05/02 v3.3-89 Customizing captions (AR)

(/usr/local/texlive/2015/texmf-dist/tex/latex/caption/caption3.sty
Package: caption3 2013/05/02 v1.6-88 caption3 kernel (AR)
Package caption3 Info: TeX engine: e-TeX on input line 57.
\captionmargin=\dimen114
\captionmargin@=\dimen115
\captionwidth=\dimen116
\caption@tempdima=\dimen117
\caption@indent=\dimen118
\caption@parindent=\dimen119
\caption@hangindent=\dimen120
)
\c@ContinuedFloat=\count100
)
\c@subfigure=\count101
\c@subtable=\count102
)
(/usr/local/texlive/2015/texmf-dist/tex/latex/pgf/basiclayer/pgf.sty
(/usr/local/texlive/2015/texmf-dist/tex/latex/pgf/utilities/pgfrcs.sty
(/usr/local/texlive/2015/texmf-dist/tex/generic/pgf/utilities/pgfutil-common.te
x
\pgfutil@everybye=\toks22
\pgfutil@tempdima=\dimen121
\pgfutil@tempdimb=\dimen122

(/usr/local/texlive/2015/texmf-dist/tex/generic/pgf/utilities/pgfutil-common-li
sts.tex))
(/usr/local/texlive/2015/texmf-dist/tex/generic/pgf/utilities/pgfutil-latex.def
\pgfutil@abb=\box28
(/usr/local/texlive/2015/texmf-dist/tex/latex/ms/everyshi.sty
Package: everyshi 2001/05/15 v3.00 EveryShipout Package (MS)
))
(/usr/local/texlive/2015/texmf-dist/tex/generic/pgf/utilities/pgfrcs.code.tex
Package: pgfrcs 2013/12/20 v3.0.0 (rcs-revision 1.28)
))
Package: pgf 2013/12/18 v3.0.0 (rcs-revision 1.14)
(/usr/local/texlive/2015/texmf-dist/tex/latex/pgf/basiclayer/pgfcore.sty
(/usr/local/texlive/2015/texmf-dist/tex/latex/pgf/systemlayer/pgfsys.sty
(/usr/local/texlive/2015/texmf-dist/tex/generic/pgf/systemlayer/pgfsys.code.tex
Package: pgfsys 2013/11/30 v3.0.0 (rcs-revision 1.47)
(/usr/local/texlive/2015/texmf-dist/tex/generic/pgf/utilities/pgfkeys.code.tex
\pgfkeys@pathtoks=\toks23
\pgfkeys@temptoks=\toks24

(/usr/local/texlive/2015/texmf-dist/tex/generic/pgf/utilities/pgfkeysfiltered.c
ode.tex
\pgfkeys@tmptoks=\toks25
))
\pgf@x=\dimen123
\pgf@y=\dimen124
\pgf@xa=\dimen125
\pgf@ya=\dimen126
\pgf@xb=\dimen127
\pgf@yb=\dimen128
\pgf@xc=\dimen129
\pgf@yc=\dimen130
\w@pgf@writea=\write3
\r@pgf@reada=\read1
\c@pgf@counta=\count103
\c@pgf@countb=\count104
\c@pgf@countc=\count105
\c@pgf@countd=\count106
\t@pgf@toka=\toks26
\t@pgf@tokb=\toks27
\t@pgf@tokc=\toks28

(/usr/local/texlive/2015/texmf-dist/tex/generic/pgf/systemlayer/pgf.cfg
File: pgf.cfg 2008/05/14  (rcs-revision 1.7)
)
Driver file for pgf: pgfsys-pdftex.def

(/usr/local/texlive/2015/texmf-dist/tex/generic/pgf/systemlayer/pgfsys-pdftex.d
ef
File: pgfsys-pdftex.def 2013/07/18  (rcs-revision 1.33)

(/usr/local/texlive/2015/texmf-dist/tex/generic/pgf/systemlayer/pgfsys-common-p
df.def
File: pgfsys-common-pdf.def 2013/10/10  (rcs-revision 1.13)
)))
(/usr/local/texlive/2015/texmf-dist/tex/generic/pgf/systemlayer/pgfsyssoftpath.
code.tex
File: pgfsyssoftpath.code.tex 2013/09/09  (rcs-revision 1.9)
\pgfsyssoftpath@smallbuffer@items=\count107
\pgfsyssoftpath@bigbuffer@items=\count108
)
(/usr/local/texlive/2015/texmf-dist/tex/generic/pgf/systemlayer/pgfsysprotocol.
code.tex
File: pgfsysprotocol.code.tex 2006/10/16  (rcs-revision 1.4)
)) (/usr/local/texlive/2015/texmf-dist/tex/latex/xcolor/xcolor.sty
Package: xcolor 2007/01/21 v2.11 LaTeX color extensions (UK)

(/usr/local/texlive/2015/texmf-dist/tex/latex/latexconfig/color.cfg
File: color.cfg 2007/01/18 v1.5 color configuration of teTeX/TeXLive
)
Package xcolor Info: Driver file: pdftex.def on input line 225.
Package xcolor Info: Model `cmy' substituted by `cmy0' on input line 1337.
Package xcolor Info: Model `hsb' substituted by `rgb' on input line 1341.
Package xcolor Info: Model `RGB' extended on input line 1353.
Package xcolor Info: Model `HTML' substituted by `rgb' on input line 1355.
Package xcolor Info: Model `Hsb' substituted by `hsb' on input line 1356.
Package xcolor Info: Model `tHsb' substituted by `hsb' on input line 1357.
Package xcolor Info: Model `HSB' substituted by `hsb' on input line 1358.
Package xcolor Info: Model `Gray' substituted by `gray' on input line 1359.
Package xcolor Info: Model `wave' substituted by `hsb' on input line 1360.
)
(/usr/local/texlive/2015/texmf-dist/tex/generic/pgf/basiclayer/pgfcore.code.tex
Package: pgfcore 2010/04/11 v3.0.0 (rcs-revision 1.7)
(/usr/local/texlive/2015/texmf-dist/tex/generic/pgf/math/pgfmath.code.tex
(/usr/local/texlive/2015/texmf-dist/tex/generic/pgf/math/pgfmathcalc.code.tex
(/usr/local/texlive/2015/texmf-dist/tex/generic/pgf/math/pgfmathutil.code.tex)
(/usr/local/texlive/2015/texmf-dist/tex/generic/pgf/math/pgfmathparser.code.tex
\pgfmath@dimen=\dimen131
\pgfmath@count=\count109
\pgfmath@box=\box29
\pgfmath@toks=\toks29
\pgfmath@stack@operand=\toks30
\pgfmath@stack@operation=\toks31
)
(/usr/local/texlive/2015/texmf-dist/tex/generic/pgf/math/pgfmathfunctions.code.
tex
(/usr/local/texlive/2015/texmf-dist/tex/generic/pgf/math/pgfmathfunctions.basic
.code.tex)
(/usr/local/texlive/2015/texmf-dist/tex/generic/pgf/math/pgfmathfunctions.trigo
nometric.code.tex)
(/usr/local/texlive/2015/texmf-dist/tex/generic/pgf/math/pgfmathfunctions.rando
m.code.tex)
(/usr/local/texlive/2015/texmf-dist/tex/generic/pgf/math/pgfmathfunctions.compa
rison.code.tex)
(/usr/local/texlive/2015/texmf-dist/tex/generic/pgf/math/pgfmathfunctions.base.
code.tex)
(/usr/local/texlive/2015/texmf-dist/tex/generic/pgf/math/pgfmathfunctions.round
.code.tex)
(/usr/local/texlive/2015/texmf-dist/tex/generic/pgf/math/pgfmathfunctions.misc.
code.tex)
(/usr/local/texlive/2015/texmf-dist/tex/generic/pgf/math/pgfmathfunctions.integ
erarithmetics.code.tex)))
(/usr/local/texlive/2015/texmf-dist/tex/generic/pgf/math/pgfmathfloat.code.tex
\c@pgfmathroundto@lastzeros=\count110
))
(/usr/local/texlive/2015/texmf-dist/tex/generic/pgf/basiclayer/pgfcorepoints.co
de.tex
File: pgfcorepoints.code.tex 2013/10/07  (rcs-revision 1.27)
\pgf@picminx=\dimen132
\pgf@picmaxx=\dimen133
\pgf@picminy=\dimen134
\pgf@picmaxy=\dimen135
\pgf@pathminx=\dimen136
\pgf@pathmaxx=\dimen137
\pgf@pathminy=\dimen138
\pgf@pathmaxy=\dimen139
\pgf@xx=\dimen140
\pgf@xy=\dimen141
\pgf@yx=\dimen142
\pgf@yy=\dimen143
\pgf@zx=\dimen144
\pgf@zy=\dimen145
)
(/usr/local/texlive/2015/texmf-dist/tex/generic/pgf/basiclayer/pgfcorepathconst
ruct.code.tex
File: pgfcorepathconstruct.code.tex 2013/10/07  (rcs-revision 1.29)
\pgf@path@lastx=\dimen146
\pgf@path@lasty=\dimen147
)
(/usr/local/texlive/2015/texmf-dist/tex/generic/pgf/basiclayer/pgfcorepathusage
.code.tex
File: pgfcorepathusage.code.tex 2013/12/13  (rcs-revision 1.23)
\pgf@shorten@end@additional=\dimen148
\pgf@shorten@start@additional=\dimen149
)
(/usr/local/texlive/2015/texmf-dist/tex/generic/pgf/basiclayer/pgfcorescopes.co
de.tex
File: pgfcorescopes.code.tex 2013/10/09  (rcs-revision 1.44)
\pgfpic=\box30
\pgf@hbox=\box31
\pgf@layerbox@main=\box32
\pgf@picture@serial@count=\count111
)
(/usr/local/texlive/2015/texmf-dist/tex/generic/pgf/basiclayer/pgfcoregraphicst
ate.code.tex
File: pgfcoregraphicstate.code.tex 2013/09/19  (rcs-revision 1.11)
\pgflinewidth=\dimen150
)
(/usr/local/texlive/2015/texmf-dist/tex/generic/pgf/basiclayer/pgfcoretransform
ations.code.tex
File: pgfcoretransformations.code.tex 2013/10/10  (rcs-revision 1.17)
\pgf@pt@x=\dimen151
\pgf@pt@y=\dimen152
\pgf@pt@temp=\dimen153
)
(/usr/local/texlive/2015/texmf-dist/tex/generic/pgf/basiclayer/pgfcorequick.cod
e.tex
File: pgfcorequick.code.tex 2008/10/09  (rcs-revision 1.3)
)
(/usr/local/texlive/2015/texmf-dist/tex/generic/pgf/basiclayer/pgfcoreobjects.c
ode.tex
File: pgfcoreobjects.code.tex 2006/10/11  (rcs-revision 1.2)
)
(/usr/local/texlive/2015/texmf-dist/tex/generic/pgf/basiclayer/pgfcorepathproce
ssing.code.tex
File: pgfcorepathprocessing.code.tex 2013/09/09  (rcs-revision 1.9)
)
(/usr/local/texlive/2015/texmf-dist/tex/generic/pgf/basiclayer/pgfcorearrows.co
de.tex
File: pgfcorearrows.code.tex 2013/11/07  (rcs-revision 1.40)
\pgfarrowsep=\dimen154
)
(/usr/local/texlive/2015/texmf-dist/tex/generic/pgf/basiclayer/pgfcoreshade.cod
e.tex
File: pgfcoreshade.code.tex 2013/07/15  (rcs-revision 1.15)
\pgf@max=\dimen155
\pgf@sys@shading@range@num=\count112
)
(/usr/local/texlive/2015/texmf-dist/tex/generic/pgf/basiclayer/pgfcoreimage.cod
e.tex
File: pgfcoreimage.code.tex 2013/07/15  (rcs-revision 1.18)

(/usr/local/texlive/2015/texmf-dist/tex/generic/pgf/basiclayer/pgfcoreexternal.
code.tex
File: pgfcoreexternal.code.tex 2013/07/15  (rcs-revision 1.20)
\pgfexternal@startupbox=\box33
))
(/usr/local/texlive/2015/texmf-dist/tex/generic/pgf/basiclayer/pgfcorelayers.co
de.tex
File: pgfcorelayers.code.tex 2013/07/18  (rcs-revision 1.7)
)
(/usr/local/texlive/2015/texmf-dist/tex/generic/pgf/basiclayer/pgfcoretranspare
ncy.code.tex
File: pgfcoretransparency.code.tex 2013/09/30  (rcs-revision 1.5)
)
(/usr/local/texlive/2015/texmf-dist/tex/generic/pgf/basiclayer/pgfcorepatterns.
code.tex
File: pgfcorepatterns.code.tex 2013/11/07  (rcs-revision 1.5)
)))
(/usr/local/texlive/2015/texmf-dist/tex/generic/pgf/modules/pgfmoduleshapes.cod
e.tex
File: pgfmoduleshapes.code.tex 2013/10/31  (rcs-revision 1.34)
\pgfnodeparttextbox=\box34
)
(/usr/local/texlive/2015/texmf-dist/tex/generic/pgf/modules/pgfmoduleplot.code.
tex
File: pgfmoduleplot.code.tex 2013/07/31  (rcs-revision 1.12)
)
(/usr/local/texlive/2015/texmf-dist/tex/latex/pgf/compatibility/pgfcomp-version
-0-65.sty
Package: pgfcomp-version-0-65 2007/07/03 v3.0.0 (rcs-revision 1.7)
\pgf@nodesepstart=\dimen156
\pgf@nodesepend=\dimen157
)
(/usr/local/texlive/2015/texmf-dist/tex/latex/pgf/compatibility/pgfcomp-version
-1-18.sty
Package: pgfcomp-version-1-18 2007/07/23 v3.0.0 (rcs-revision 1.1)
))
(/usr/local/texlive/2015/texmf-dist/tex/latex/pgf/frontendlayer/tikz.sty
(/usr/local/texlive/2015/texmf-dist/tex/latex/pgf/utilities/pgffor.sty
(/usr/local/texlive/2015/texmf-dist/tex/latex/pgf/utilities/pgfkeys.sty
(/usr/local/texlive/2015/texmf-dist/tex/generic/pgf/utilities/pgfkeys.code.tex)
) (/usr/local/texlive/2015/texmf-dist/tex/latex/pgf/math/pgfmath.sty
(/usr/local/texlive/2015/texmf-dist/tex/generic/pgf/math/pgfmath.code.tex))
(/usr/local/texlive/2015/texmf-dist/tex/generic/pgf/utilities/pgffor.code.tex
Package: pgffor 2013/12/13 v3.0.0 (rcs-revision 1.25)

(/usr/local/texlive/2015/texmf-dist/tex/generic/pgf/math/pgfmath.code.tex)
\pgffor@iter=\dimen158
\pgffor@skip=\dimen159
\pgffor@stack=\toks32
\pgffor@toks=\toks33
))
(/usr/local/texlive/2015/texmf-dist/tex/generic/pgf/frontendlayer/tikz/tikz.cod
e.tex
Package: tikz 2013/12/13 v3.0.0 (rcs-revision 1.142)

(/usr/local/texlive/2015/texmf-dist/tex/generic/pgf/libraries/pgflibraryplothan
dlers.code.tex
File: pgflibraryplothandlers.code.tex 2013/08/31 v3.0.0 (rcs-revision 1.20)
\pgf@plot@mark@count=\count113
\pgfplotmarksize=\dimen160
)
\tikz@lastx=\dimen161
\tikz@lasty=\dimen162
\tikz@lastxsaved=\dimen163
\tikz@lastysaved=\dimen164
\tikzleveldistance=\dimen165
\tikzsiblingdistance=\dimen166
\tikz@figbox=\box35
\tikz@figbox@bg=\box36
\tikz@tempbox=\box37
\tikz@tempbox@bg=\box38
\tikztreelevel=\count114
\tikznumberofchildren=\count115
\tikznumberofcurrentchild=\count116
\tikz@fig@count=\count117

(/usr/local/texlive/2015/texmf-dist/tex/generic/pgf/modules/pgfmodulematrix.cod
e.tex
File: pgfmodulematrix.code.tex 2013/09/17  (rcs-revision 1.8)
\pgfmatrixcurrentrow=\count118
\pgfmatrixcurrentcolumn=\count119
\pgf@matrix@numberofcolumns=\count120
)
\tikz@expandcount=\count121

(/usr/local/texlive/2015/texmf-dist/tex/generic/pgf/frontendlayer/tikz/librarie
s/tikzlibrarytopaths.code.tex
File: tikzlibrarytopaths.code.tex 2008/06/17 v3.0.0 (rcs-revision 1.2)
)))
(/usr/local/texlive/2015/texmf-dist/tex/generic/pgf/frontendlayer/tikz/librarie
s/tikzlibrarybackgrounds.code.tex
File: tikzlibrarybackgrounds.code.tex 2013/07/18 v3.0.0 (rcs-revision 1.3)
\pgf@layerbox@background=\box39
\pgf@layerboxsaved@background=\box40
)
(/usr/local/texlive/2015/texmf-dist/tex/latex/bbold/bbold.sty
Package: bbold 1994/04/06 Bbold symbol package
LaTeX Font Info:    Redeclaring math alphabet \mathbb on input line 42.
)
(/usr/local/texlive/2015/texmf-dist/tex/latex/animate/animate.sty
Package: animate 2015/03/11 PDF animations from files and inline graphics

(/usr/local/texlive/2015/texmf-dist/tex/latex/base/ifthen.sty
Package: ifthen 2014/09/29 v1.1c Standard LaTeX ifthen package (DPC)
)
(/usr/local/texlive/2015/texmf-dist/tex/generic/oberdiek/ifpdf.sty
Package: ifpdf 2011/01/30 v2.3 Provides the ifpdf switch (HO)
Package ifpdf Info: pdfTeX in PDF mode is detected.
)
(/usr/local/texlive/2015/texmf-dist/tex/generic/oberdiek/atbegshi.sty
Package: atbegshi 2011/10/05 v1.16 At begin shipout hook (HO)
)
(/usr/local/texlive/2015/texmf-dist/tex/generic/oberdiek/ifluatex.sty
Package: ifluatex 2010/03/01 v1.3 Provides the ifluatex switch (HO)
Package ifluatex Info: LuaTeX not detected.
)
(/usr/local/texlive/2015/texmf-dist/tex/latex/oberdiek/ifdraft.sty
Package: ifdraft 2008/08/11 v1.3 Detect class options draft and final (HO)
)
(/usr/local/texlive/2015/texmf-dist/tex/latex/tools/calc.sty
Package: calc 2014/10/28 v4.3 Infix arithmetic (KKT,FJ)
\calc@Acount=\count122
\calc@Bcount=\count123
\calc@Adimen=\dimen167
\calc@Bdimen=\dimen168
\calc@Askip=\skip46
\calc@Bskip=\skip47
LaTeX Info: Redefining \setlength on input line 80.
LaTeX Info: Redefining \addtolength on input line 81.
\calc@Ccount=\count124
\calc@Cskip=\skip48
)
(/usr/local/texlive/2015/texmf-dist/tex/latex/oberdiek/atenddvi.sty
Package: atenddvi 2007/04/17 v1.1 At end DVI hook (HO)

(/usr/local/texlive/2015/texmf-dist/tex/latex/oberdiek/zref-abspage.sty
Package: zref-abspage 2012/04/04 v2.24 Module abspage for zref (HO)

(/usr/local/texlive/2015/texmf-dist/tex/latex/oberdiek/zref-base.sty
Package: zref-base 2012/04/04 v2.24 Module base for zref (HO)

(/usr/local/texlive/2015/texmf-dist/tex/generic/oberdiek/kvsetkeys.sty
Package: kvsetkeys 2012/04/25 v1.16 Key value parser (HO)

(/usr/local/texlive/2015/texmf-dist/tex/generic/oberdiek/etexcmds.sty
Package: etexcmds 2011/02/16 v1.5 Avoid name clashes with e-TeX commands (HO)
Package etexcmds Info: Could not find \expanded.
(etexcmds)             That can mean that you are not using pdfTeX 1.50 or
(etexcmds)             that some package has redefined \expanded.
(etexcmds)             In the latter case, load this package earlier.
))
(/usr/local/texlive/2015/texmf-dist/tex/generic/oberdiek/kvdefinekeys.sty
Package: kvdefinekeys 2011/04/07 v1.3 Define keys (HO)
)
(/usr/local/texlive/2015/texmf-dist/tex/generic/oberdiek/pdftexcmds.sty
Package: pdftexcmds 2011/11/29 v0.20 Utility functions of pdfTeX for LuaTeX (HO
)
Package pdftexcmds Info: LuaTeX not detected.
Package pdftexcmds Info: \pdf@primitive is available.
Package pdftexcmds Info: \pdf@ifprimitive is available.
Package pdftexcmds Info: \pdfdraftmode found.
)
(/usr/local/texlive/2015/texmf-dist/tex/latex/oberdiek/auxhook.sty
Package: auxhook 2011/03/04 v1.3 Hooks for auxiliary files (HO)
)
Package zref Info: New property list: main on input line 759.
Package zref Info: New property: default on input line 760.
Package zref Info: New property: page on input line 761.
)
\c@abspage=\count125
Package zref Info: New property: abspage on input line 62.
)
(/usr/local/texlive/2015/texmf-dist/tex/latex/oberdiek/zref-lastpage.sty
Package: zref-lastpage 2012/04/04 v2.24 Module lastpage for zref (HO)

(/usr/local/texlive/2015/texmf-dist/tex/latex/oberdiek/atveryend.sty
Package: atveryend 2011/06/30 v1.8 Hooks at the very end of document (HO)
Package atveryend Info: \enddocument detected (standard20110627).
)
Package zref Info: New property list: LastPage on input line 55.
))
(/usr/local/texlive/2015/texmf-dist/tex/latex/animate/animfp.sty
Package: animfp 2009/07/23 fixed point addition for animate.sty
\afp@xs=\count126
\afp@xia=\count127
\afp@xib=\count128
\afp@xfa=\count129
\afp@xfb=\count130
\afp@rega=\count131
\afp@regb=\count132
\afp@regs=\count133
)
(/usr/local/texlive/2015/texmf-dist/tex/context/base/supp-pdf.mkii
[Loading MPS to PDF converter (version 2006.09.02).]
\scratchcounter=\count134
\scratchdimen=\dimen169
\scratchbox=\box41
\nofMPsegments=\count135
\nofMParguments=\count136
\everyMPshowfont=\toks34
\MPscratchCnt=\count137
\MPscratchDim=\dimen170
\MPnumerator=\count138
\makeMPintoPDFobject=\count139
\everyMPtoPDFconversion=\toks35
)
\@anim@box=\box42
\@anim@measbox=\box43
\@anim@tmpdima=\dimen171
\@anim@tmpdimb=\dimen172
\@anim@ocnum=\count140
\@anim@num=\count141
\@anim@curframe=\count142
\@anim@curframe@zb=\count143
\@anim@resizeflags=\count144
\@anim@skipfram=\count145
\@anim@mulframecnt=\count146
\@anim@@tmlnfile=\read2
\@anim@tmpcnt=\count147
\c@@anim@ltxcnt=\count148
\@anim@curlayer=\count149
\@anim@lineno=\count150
\@anim@curfield=\count151
\@anim@begin=\toks36
\@anim@end=\toks37
\@anim@@resizeflags=\count152
) (/usr/local/texlive/2015/texmf-dist/tex/latex/media9/media9.sty
(/usr/local/texlive/2015/texmf-dist/tex/latex/l3kernel/expl3.sty
Package: expl3 2015/03/01 v5547 L3 programming layer (loader) 

(/usr/local/texlive/2015/texmf-dist/tex/latex/l3kernel/expl3-code.tex
Package: expl3 2015/03/01 v5547 L3 programming layer (code) 
L3 Module: l3bootstrap 2015/02/28 v5542 L3 Bootstrap code
L3 Module: l3names 2015/02/24 v5535 L3 Namespace for primitives
L3 Module: l3basics 2015/01/27 v5500 L3 Basic definitions
L3 Module: l3expan 2014/11/27 v5472 L3 Argument expansion
L3 Module: l3tl 2015/01/27 v5500 L3 Token lists
L3 Module: l3str 2015/03/01 v5545 L3 Strings
L3 Module: l3seq 2014/08/23 v5354 L3 Sequences and stacks
L3 Module: l3int 2015/02/21 v5529 L3 Integers
\c_max_int=\count153
\l_tmpa_int=\count154
\l_tmpb_int=\count155
\g_tmpa_int=\count156
\g_tmpb_int=\count157
L3 Module: l3quark 2014/08/23 v5354 L3 Quarks
L3 Module: l3prg 2014/08/23 v5354 L3 Control structures
\g__prg_map_int=\count158
L3 Module: l3clist 2014/08/23 v5354 L3 Comma separated lists
L3 Module: l3token 2014/09/15 v5422 L3 Experimental token manipulation
L3 Module: l3prop 2014/08/23 v5354 L3 Property lists
L3 Module: l3msg 2015/02/26 v5537 L3 Messages
L3 Module: l3file 2014/08/24 v5369 L3 File and I/O operations
\l_iow_line_count_int=\count159
\l__iow_target_count_int=\count160
\l__iow_current_line_int=\count161
\l__iow_current_word_int=\count162
\l__iow_current_indentation_int=\count163
L3 Module: l3skip 2014/08/23 v5354 L3 Dimensions and skips
\c_zero_dim=\dimen173
\c_max_dim=\dimen174
\l_tmpa_dim=\dimen175
\l_tmpb_dim=\dimen176
\g_tmpa_dim=\dimen177
\g_tmpb_dim=\dimen178
\c_zero_skip=\skip49
\c_max_skip=\skip50
\l_tmpa_skip=\skip51
\l_tmpb_skip=\skip52
\g_tmpa_skip=\skip53
\g_tmpb_skip=\skip54
\c_zero_muskip=\muskip11
\c_max_muskip=\muskip12
\l_tmpa_muskip=\muskip13
\l_tmpb_muskip=\muskip14
\g_tmpa_muskip=\muskip15
\g_tmpb_muskip=\muskip16
L3 Module: l3keys 2015/01/27 v5500 L3 Key-value interfaces
\g__keyval_level_int=\count164
\l_keys_choice_int=\count165
L3 Module: l3fp 2014/08/22 v5336 L3 Floating points
\c__fp_leading_shift_int=\count166
\c__fp_middle_shift_int=\count167
\c__fp_trailing_shift_int=\count168
\c__fp_big_leading_shift_int=\count169
\c__fp_big_middle_shift_int=\count170
\c__fp_big_trailing_shift_int=\count171
\c__fp_Bigg_leading_shift_int=\count172
\c__fp_Bigg_middle_shift_int=\count173
\c__fp_Bigg_trailing_shift_int=\count174
L3 Module: l3box 2014/08/23 v5354 L3 Experimental boxes
\c_empty_box=\box44
\l_tmpa_box=\box45
\l_tmpb_box=\box46
\g_tmpa_box=\box47
\g_tmpb_box=\box48
L3 Module: l3coffins 2014/08/23 v5354 L3 Coffin code layer
\l__coffin_internal_box=\box49
\l__coffin_internal_dim=\dimen179
\l__coffin_offset_x_dim=\dimen180
\l__coffin_offset_y_dim=\dimen181
\l__coffin_x_dim=\dimen182
\l__coffin_y_dim=\dimen183
\l__coffin_x_prime_dim=\dimen184
\l__coffin_y_prime_dim=\dimen185
\c_empty_coffin=\box50
\l__coffin_aligned_coffin=\box51
\l__coffin_aligned_internal_coffin=\box52
\l_tmpa_coffin=\box53
\l_tmpb_coffin=\box54
\l__coffin_display_coffin=\box55
\l__coffin_display_coord_coffin=\box56
\l__coffin_display_pole_coffin=\box57
\l__coffin_display_offset_dim=\dimen186
\l__coffin_display_x_dim=\dimen187
\l__coffin_display_y_dim=\dimen188
L3 Module: l3color 2014/08/23 v5354 L3 Experimental color support
L3 Module: l3candidates 2015/03/01 v5544 L3 Experimental additions to l3kernel
\l__box_top_dim=\dimen189
\l__box_bottom_dim=\dimen190
\l__box_left_dim=\dimen191
\l__box_right_dim=\dimen192
\l__box_top_new_dim=\dimen193
\l__box_bottom_new_dim=\dimen194
\l__box_left_new_dim=\dimen195
\l__box_right_new_dim=\dimen196
\l__box_internal_box=\box58
\l__coffin_bounding_shift_dim=\dimen197
\l__coffin_left_corner_dim=\dimen198
\l__coffin_right_corner_dim=\dimen199
\l__coffin_bottom_corner_dim=\dimen200
\l__coffin_top_corner_dim=\dimen201
\l__coffin_scaled_total_height_dim=\dimen202
\l__coffin_scaled_width_dim=\dimen203
)
(/usr/local/texlive/2015/texmf-dist/tex/latex/l3kernel/l3unicode-data.def
File: l3unicode-data.def 2015/03/01 v5544 L3 Unicode data
)
(/usr/local/texlive/2015/texmf-dist/tex/latex/l3kernel/l3pdfmode.def
File: l3pdfmode.def 2015/03/01 v5544 L3 Experimental driver: PDF mode
\l__driver_color_stack_int=\count175
))
(/usr/local/texlive/2015/texmf-dist/tex/latex/l3experimental/l3str/l3regex.sty
Package: l3regex 2014/11/25 v5471 L3 Experimental regular expressions

(/usr/local/texlive/2015/texmf-dist/tex/latex/l3experimental/l3str/l3tl-build.s
ty
Package: l3tl-build 2014/08/25 v5378 L3 Experimental token list construction
\l__tl_build_start_index_int=\count176
\l__tl_build_index_int=\count177
)
(/usr/local/texlive/2015/texmf-dist/tex/latex/l3experimental/l3str/l3tl-analysi
s.sty
Package: l3tl-analysis 2014/05/06 v4745 L3 Experimental token lists analysis

(/usr/local/texlive/2015/texmf-dist/tex/latex/l3experimental/l3str/l3str.sty
Package: l3str 2014/11/25 v5471 L3 Experimental strings
)
\l__tl_analysis_normal_int=\count178
\l__tl_analysis_index_int=\count179
\l__tl_analysis_nesting_int=\count180
\l__tl_analysis_type_int=\count181
)
(/usr/local/texlive/2015/texmf-dist/tex/latex/l3experimental/l3str/l3flag.sty
Package: l3flag 2014/11/25 v5471 L3 Experimental flags
)
(/usr/local/texlive/2015/texmf-dist/tex/latex/l3experimental/l3str/l3str-conver
t.sty
Package: l3str-convert 2014/06/03 v5028 L3 Experimental string encoding convers
ions
\l__str_internal_int=\count182
\c__str_replacement_char_int=\count183
)
\l__regex_internal_a_int=\count184
\l__regex_internal_b_int=\count185
\l__regex_internal_c_int=\count186
\l__regex_balance_int=\count187
\l__regex_group_level_int=\count188
\l__regex_mode_int=\count189
\l__regex_catcodes_int=\count190
\l__regex_default_catcodes_int=\count191
\c__regex_catcode_D_int=\count192
\c__regex_catcode_S_int=\count193
\c__regex_catcode_L_int=\count194
\c__regex_catcode_O_int=\count195
\c__regex_catcode_A_int=\count196
\c__regex_all_catcodes_int=\count197
\l__regex_show_lines_int=\count198
\l__regex_min_state_int=\count199
\l__regex_max_state_int=\count200
\l__regex_left_state_int=\count201
\l__regex_right_state_int=\count202
\l__regex_capturing_group_int=\count203
\l__regex_min_pos_int=\count204
\l__regex_max_pos_int=\count205
\l__regex_current_pos_int=\count206
\l__regex_start_pos_int=\count207
\l__regex_success_pos_int=\count208
\l__regex_current_char_int=\count209
\l__regex_current_catcode_int=\count210
\l__regex_last_char_int=\count211
\l__regex_case_changed_char_int=\count212
\l__regex_current_state_int=\count213
\l__regex_step_int=\count214
\l__regex_min_active_int=\count215
\l__regex_max_active_int=\count216
\l__regex_replacement_csnames_int=\count217
\l__regex_match_count_int=\count218
\l__regex_submatch_int=\count219
\l__regex_zeroth_submatch_int=\count220
)
(/usr/local/texlive/2015/texmf-dist/tex/latex/l3packages/l3keys2e/l3keys2e.sty
Package: l3keys2e 2014/11/25 v5471 LaTeX2e option processing using LaTeX3 keys
) (/usr/local/texlive/2015/texmf-dist/tex/latex/l3packages/xparse/xparse.sty
Package: xparse 2014/11/25 v5471 L3 Experimental document command parser
\l__xparse_current_arg_int=\count221
\l__xparse_m_args_int=\count222
\l__xparse_mandatory_args_int=\count223
\l__xparse_processor_int=\count224
\l__xparse_v_nesting_int=\count225
)
Package: media9 2015/05/11 v0.52 acrobat-9/X compatible media
\g_mix_pkgresizeflag_int=\count226
\l_mix_poster_box=\box59
\g_mix_wd_dim=\dimen204
\g_mix_ht_dim=\dimen205
\g_mix_dp_dim=\dimen206
\g_mix_rmcnt_int=\count227
\l_mix_viewcnt_int=\count228
\g@mix@page@int=\count229
\g_mix_oc_int=\count230
\g_mix_resizeflag_int=\count231
\l_mix_lineno_int=\count232
.................................................
. LaTeX info: "xparse/define-command"
. 
. Defining command \addmediapath with sig. 'm' on line 1322.
.................................................
\l_mix_pbtn_box=\box60
\mix@btn@dim=\dimen207
.................................................
. LaTeX info: "xparse/define-command"
. 
. Defining command \includemedia with sig. 'O{}mm' on line 1680.
.................................................
\g_mix_mbtncnt_int=\count233
.................................................
. LaTeX info: "xparse/define-command"
. 
. Defining command \mediabutton with sig. 'O{}m' on line 2886.
.................................................
)
(/usr/local/texlive/2015/texmf-dist/tex/generic/pgf/frontendlayer/tikz/librarie
s/tikzlibraryarrows.code.tex
File: tikzlibraryarrows.code.tex 2008/01/09 v3.0.0 (rcs-revision 1.1)

(/usr/local/texlive/2015/texmf-dist/tex/generic/pgf/libraries/pgflibraryarrows.
code.tex
File: pgflibraryarrows.code.tex 2013/09/23 v3.0.0 (rcs-revision 1.16)
\arrowsize=\dimen208
)) (/usr/local/texlive/2015/texmf-dist/tex/latex/hyperref/hyperref.sty
Package: hyperref 2012/11/06 v6.83m Hypertext links for LaTeX

(/usr/local/texlive/2015/texmf-dist/tex/generic/oberdiek/hobsub-hyperref.sty
Package: hobsub-hyperref 2012/05/28 v1.13 Bundle oberdiek, subset hyperref (HO)


(/usr/local/texlive/2015/texmf-dist/tex/generic/oberdiek/hobsub-generic.sty
Package: hobsub-generic 2012/05/28 v1.13 Bundle oberdiek, subset generic (HO)
Package: hobsub 2012/05/28 v1.13 Construct package bundles (HO)
Package hobsub Info: Skipping package `infwarerr' (already loaded).
Package hobsub Info: Skipping package `ltxcmds' (already loaded).
Package hobsub Info: Skipping package `ifluatex' (already loaded).
Package: ifvtex 2010/03/01 v1.5 Detect VTeX and its facilities (HO)
Package ifvtex Info: VTeX not detected.
Package: intcalc 2007/09/27 v1.1 Expandable calculations with integers (HO)
Package hobsub Info: Skipping package `ifpdf' (already loaded).
Package hobsub Info: Skipping package `etexcmds' (already loaded).
Package hobsub Info: Skipping package `kvsetkeys' (already loaded).
Package hobsub Info: Skipping package `kvdefinekeys' (already loaded).
Package hobsub Info: Skipping package `pdftexcmds' (already loaded).
Package: pdfescape 2011/11/25 v1.13 Implements pdfTeX's escape features (HO)
Package: bigintcalc 2012/04/08 v1.3 Expandable calculations on big integers (HO
)
Package: bitset 2011/01/30 v1.1 Handle bit-vector datatype (HO)
Package: uniquecounter 2011/01/30 v1.2 Provide unlimited unique counter (HO)
)
Package hobsub Info: Skipping package `hobsub' (already loaded).
Package: letltxmacro 2010/09/02 v1.4 Let assignment for LaTeX macros (HO)
Package: hopatch 2012/05/28 v1.2 Wrapper for package hooks (HO)
Package: xcolor-patch 2011/01/30 xcolor patch
Package hobsub Info: Skipping package `atveryend' (already loaded).
Package hobsub Info: Skipping package `atbegshi' (already loaded).
Package: refcount 2011/10/16 v3.4 Data extraction from label references (HO)
Package: hycolor 2011/01/30 v1.7 Color options for hyperref/bookmark (HO)
)
(/usr/local/texlive/2015/texmf-dist/tex/generic/ifxetex/ifxetex.sty
Package: ifxetex 2010/09/12 v0.6 Provides ifxetex conditional
)
(/usr/local/texlive/2015/texmf-dist/tex/latex/oberdiek/kvoptions.sty
Package: kvoptions 2011/06/30 v3.11 Key value format for package options (HO)
)
\@linkdim=\dimen209
\Hy@linkcounter=\count266
\Hy@pagecounter=\count267

(/usr/local/texlive/2015/texmf-dist/tex/latex/hyperref/pd1enc.def
File: pd1enc.def 2012/11/06 v6.83m Hyperref: PDFDocEncoding definition (HO)
Now handling font encoding PD1 ...
... no UTF-8 mapping file for font encoding PD1
)
\Hy@SavedSpaceFactor=\count268

(/usr/local/texlive/2015/texmf-dist/tex/latex/latexconfig/hyperref.cfg
File: hyperref.cfg 2002/06/06 v1.2 hyperref configuration of TeXLive
)
Package hyperref Info: Hyper figures OFF on input line 4443.
Package hyperref Info: Link nesting OFF on input line 4448.
Package hyperref Info: Hyper index ON on input line 4451.
Package hyperref Info: Plain pages OFF on input line 4458.
Package hyperref Info: Backreferencing OFF on input line 4463.
Package hyperref Info: Implicit mode ON; LaTeX internals redefined.
Package hyperref Info: Bookmarks ON on input line 4688.
\c@Hy@tempcnt=\count269

(/usr/local/texlive/2015/texmf-dist/tex/latex/url/url.sty
\Urlmuskip=\muskip17
Package: url 2013/09/16  ver 3.4  Verb mode for urls, etc.
)
LaTeX Info: Redefining \url on input line 5041.
\XeTeXLinkMargin=\dimen210
\Fld@menulength=\count270
\Field@Width=\dimen211
\Fld@charsize=\dimen212
Package hyperref Info: Hyper figures OFF on input line 6295.
Package hyperref Info: Link nesting OFF on input line 6300.
Package hyperref Info: Hyper index ON on input line 6303.
Package hyperref Info: backreferencing OFF on input line 6310.
Package hyperref Info: Link coloring OFF on input line 6315.
Package hyperref Info: Link coloring with OCG OFF on input line 6320.
Package hyperref Info: PDF/A mode OFF on input line 6325.
LaTeX Info: Redefining \ref on input line 6365.
LaTeX Info: Redefining \pageref on input line 6369.
\Hy@abspage=\count271
\c@Item=\count272
\c@Hfootnote=\count273
)

Package hyperref Message: Driver (autodetected): hpdftex.

(/usr/local/texlive/2015/texmf-dist/tex/latex/hyperref/hpdftex.def
File: hpdftex.def 2012/11/06 v6.83m Hyperref driver for pdfTeX
\HyAnn@Count=\count274
\Fld@listcount=\count275
\c@bookmark@seq@number=\count276

(/usr/local/texlive/2015/texmf-dist/tex/latex/oberdiek/rerunfilecheck.sty
Package: rerunfilecheck 2011/04/15 v1.7 Rerun checks for auxiliary files (HO)
Package uniquecounter Info: New unique counter `rerunfilecheck' on input line 2
82.
)
\Hy@SectionHShift=\skip55
)
(/usr/local/texlive/2015/texmf-dist/tex/latex/float/float.sty
Package: float 2001/11/08 v1.3d Float enhancements (AL)
\c@float@type=\count277
\float@exts=\toks38
\float@box=\box61
\@float@everytoks=\toks39
\@floatcapt=\box62
)
(/usr/local/texlive/2015/texmf-dist/tex/latex/enumitem/enumitem.sty
Package: enumitem 2011/09/28 v3.5.2 Customized lists
\labelindent=\skip56
\enit@outerparindent=\dimen213
\enit@toks=\toks40
\enit@inbox=\box63
\enitdp@description=\count278
)
(/usr/local/texlive/2015/texmf-dist/tex/generic/ulem/ulem.sty
\UL@box=\box64
\UL@hyphenbox=\box65
\UL@skip=\skip57
\UL@hook=\toks41
\UL@height=\dimen214
\UL@pe=\count279
\UL@pixel=\dimen215
\ULC@box=\box66
Package: ulem 2012/05/18
\ULdepth=\dimen216
)
(/usr/local/texlive/2015/texmf-dist/tex/latex/appendix/appendix.sty
Package: appendix 2009/09/02 v1.2b extra appendix facilities
\c@@pps=\count280
\c@@ppsavesec=\count281
\c@@ppsaveapp=\count282
)
(/usr/local/texlive/2015/texmf-dist/tex/latex/lipsum/lipsum.sty
Package: lipsum 2014/07/27 v1.3 150 paragraphs of Lorem Ipsum dummy text
\c@lips@count=\count283
)
\c@theorem=\count284
\c@lemma=\count285
\c@corollary=\count286
\c@prop=\count287
\c@definition=\count288
\c@remark=\count289
\c@example=\count290
\c@notation=\count291

(./Dycon_InverseProblem.aux)
\openout1 = `Dycon_InverseProblem.aux'.

LaTeX Font Info:    Checking defaults for OML/cmm/m/it on input line 131.
LaTeX Font Info:    ... okay on input line 131.
LaTeX Font Info:    Checking defaults for T1/cmr/m/n on input line 131.
LaTeX Font Info:    ... okay on input line 131.
LaTeX Font Info:    Checking defaults for OT1/cmr/m/n on input line 131.
LaTeX Font Info:    ... okay on input line 131.
LaTeX Font Info:    Checking defaults for OMS/cmsy/m/n on input line 131.
LaTeX Font Info:    ... okay on input line 131.
LaTeX Font Info:    Checking defaults for OMX/cmex/m/n on input line 131.
LaTeX Font Info:    ... okay on input line 131.
LaTeX Font Info:    Checking defaults for U/cmr/m/n on input line 131.
LaTeX Font Info:    ... okay on input line 131.
LaTeX Font Info:    Checking defaults for PD1/pdf/m/n on input line 131.
LaTeX Font Info:    ... okay on input line 131.

(/usr/local/texlive/2015/texmf-dist/tex/latex/oberdiek/epstopdf-base.sty
Package: epstopdf-base 2010/02/09 v2.5 Base part for package epstopdf

(/usr/local/texlive/2015/texmf-dist/tex/latex/oberdiek/grfext.sty
Package: grfext 2010/08/19 v1.1 Manage graphics extensions (HO)
)
Package grfext Info: Graphics extension search list:
(grfext)             [.png,.pdf,.jpg,.mps,.jpeg,.jbig2,.jb2,.PNG,.PDF,.JPG,.JPE
G,.JBIG2,.JB2,.eps]
(grfext)             \AppendGraphicsExtensions on input line 452.

(/usr/local/texlive/2015/texmf-dist/tex/latex/latexconfig/epstopdf-sys.cfg
File: epstopdf-sys.cfg 2010/07/13 v1.3 Configuration of (r)epstopdf for TeX Liv
e
))
Package caption Info: Begin \AtBeginDocument code.
Package caption Info: float package is loaded.
Package caption Info: hyperref package is loaded.
Package caption Info: End \AtBeginDocument code.

ABD: EveryShipout initializing macros
\AtBeginShipoutBox=\box67
Package hyperref Info: Link coloring OFF on input line 131.

(/usr/local/texlive/2015/texmf-dist/tex/latex/hyperref/nameref.sty
Package: nameref 2012/10/27 v2.43 Cross-referencing by name of section

(/usr/local/texlive/2015/texmf-dist/tex/generic/oberdiek/gettitlestring.sty
Package: gettitlestring 2010/12/03 v1.4 Cleanup title references (HO)
)
\c@section@level=\count292
)
LaTeX Info: Redefining \ref on input line 131.
LaTeX Info: Redefining \pageref on input line 131.
LaTeX Info: Redefining \nameref on input line 131.

(./Dycon_InverseProblem.out) (./Dycon_InverseProblem.out)
\@outlinefile=\write4
\openout4 = `Dycon_InverseProblem.out'.

LaTeX Font Info:    Try loading font information for U+msa on input line 133.

(/usr/local/texlive/2015/texmf-dist/tex/latex/amsfonts/umsa.fd
File: umsa.fd 2013/01/14 v3.01 AMS symbols A
)
LaTeX Font Info:    Try loading font information for U+msb on input line 133.

(/usr/local/texlive/2015/texmf-dist/tex/latex/amsfonts/umsb.fd
File: umsb.fd 2013/01/14 v3.01 AMS symbols B
)
LaTeX Font Info:    Try loading font information for U+lasy on input line 133.

(/usr/local/texlive/2015/texmf-dist/tex/latex/base/ulasy.fd
File: ulasy.fd 1998/08/17 v2.2e LaTeX symbol font definitions
)
LaTeX Font Info:    Try loading font information for OMS+cmr on input line 133.


(/usr/local/texlive/2015/texmf-dist/tex/latex/base/omscmr.fd
File: omscmr.fd 2014/09/29 v2.5h Standard LaTeX font definitions
)
LaTeX Font Info:    Font shape `OMS/cmr/m/n' in size <8> not available
(Font)              Font shape `OMS/cmsy/m/n' tried instead on input line 133.
LaTeX Font Info:    Font shape `OMS/cmr/m/n' in size <6> not available
(Font)              Font shape `OMS/cmsy/m/n' tried instead on input line 133.
LaTeX Font Info:    Try loading font information for U+bbold on input line 142.


(/usr/local/texlive/2015/texmf-dist/tex/latex/bbold/Ubbold.fd)
Underfull \hbox (badness 10000) in paragraph at lines 148--152

 []


Underfull \hbox (badness 10000) in paragraph at lines 156--158

 []

LaTeX Font Info:    Font shape `OMS/cmr/m/n' in size <10> not available
(Font)              Font shape `OMS/cmsy/m/n' tried instead on input line 161.
[1

{/usr/local/texlive/2015/texmf-var/fonts/map/pdftex/updmap/pdftex.map}pdfTeX wa
rning (ext4): destination with the same identifier (name{equation.1.2}) has bee
n already used, duplicate ignored

\@EveryShipout@Output ...@Org@Shipout \box \@cclv 
                                                  
l.162 \item W
             hen $J_0$ is weakly differentiable,  gradient descent  methods ...
] <projection2.pdf, id=71, 1202.07994pt x 896.86165pt>
File: projection2.pdf Graphic file (type pdf)
 <use projection2.pdf>
Package pdftex.def Info: projection2.pdf used on input line 172.
(pdftex.def)             Requested size: 277.41176pt x 206.97177pt.

[2 <./projection2.pdf

pdfTeX warning: /Library/TeX/texbin/pdflatex (file ./projection2.pdf): PDF incl
usion: invalid other resource which is no dict (key 'ColorSpace', type <null>);
 ignored.


pdfTeX warning: /Library/TeX/texbin/pdflatex (file ./projection2.pdf): PDF incl
usion: invalid other resource which is no dict (key 'Pattern', type <null>); ig
nored.


pdfTeX warning: /Library/TeX/texbin/pdflatex (file ./projection2.pdf): PDF incl
usion: invalid other resource which is no dict (key 'ExtGState', type <null>); 
ignored.
>]
Underfull \hbox (badness 10000) in paragraph at lines 180--182

 []

<ex_final.png, id=155, 562.1pt x 421.575pt>
File: ex_final.png Graphic file (type png)
 <use ex_final.png>
Package pdftex.def Info: ex_final.png used on input line 243.
(pdftex.def)             Requested size: 213.39566pt x 160.04578pt.

<ex_Stmoins.png, id=156, 562.1pt x 421.575pt>
File: ex_Stmoins.png Graphic file (type png)
 <use ex_Stmoins.png>
Package pdftex.def Info: ex_Stmoins.png used on input line 243.
(pdftex.def)             Requested size: 213.39566pt x 160.04578pt.

<WFTforward.png, id=157, 562.1pt x 421.575pt>
File: WFTforward.png Graphic file (type png)
 <use WFTforward.png>
Package pdftex.def Info: WFTforward.png used on input line 243.
(pdftex.def)             Requested size: 213.39566pt x 160.04578pt.

Overfull \hbox (20.89293pt too wide) in paragraph at lines 243--244
 [] 
 []


Underfull \hbox (badness 10000) in paragraph at lines 194--247

 []

[3] <./animation_God_WFT.pdf> <1> <./animation_God_WFT.pdf> <2> <./animation_Go
d_WFT.pdf> <3> <./animation_God_WFT.pdf> <4> <./animation_God_WFT.pdf> <5> <./a
nimation_God_WFT.pdf> <6> <./animation_God_WFT.pdf> <7> <./animation_God_WFT.pd
f> <8> <./animation_God_WFT.pdf> <9> <./animation_God_WFT.pdf> <10> <./animatio
n_God_WFT.pdf> <11> <./animation_God_WFT.pdf> <12> <./animation_God_WFT.pdf>
<13> <./animation_God_WFT.pdf> <14> <./animation_God_WFT.pdf> <15> <./animation
_God_WFT.pdf> <16> <./animation_God_WFT.pdf> <17> <./animation_God_WFT.pdf>
<18> <./animation_God_WFT.pdf> <19> <./animation_God_WFT.pdf> <20> <./animation
_God_WFT.pdf> <21> <./animation_God_WFT.pdf> <22> <./animation_God_WFT.pdf>
<23> <./animation_God_WFT.pdf> <24> <./animation_God_WFT.pdf> <25> <./animation
_God_WFT.pdf> <26> <./animation_God_WFT.pdf> <27> <./animation_God_WFT.pdf>
<28> <./animation_God_WFT.pdf> <29> <./animation_God_WFT.pdf> <30> <./animation
_God_WFT.pdf> <31> <./animation_God_WFT.pdf> <32> <./animation_God_WFT.pdf>
<33> <./animation_God_WFT.pdf> <34> <./animation_God_WFT.pdf> <35> <./animation
_God_WFT.pdf> <36> <./animation_God_WFT.pdf> <37> <./animation_God_WFT.pdf>
<38> <./animation_God_WFT.pdf> <39> <./animation_God_WFT.pdf> <40> <./animation
_God_WFT.pdf> <41> <./animation_God_WFT.pdf> <42> <./animation_God_WFT.pdf>
<43> <./animation_God_WFT.pdf> <44> <./animation_God_WFT.pdf> <45> <./animation
_God_WFT.pdf> <46> <./animation_God_WFT.pdf> <47> <./animation_God_WFT.pdf>
<48> <./animation_God_WFT.pdf> <49> <./animation_God_WFT.pdf> <50> <./animation
_God_WFT.pdf> <51> <./animation_God_WFT.pdf> <52> <./animation_God_WFT.pdf>
<53> <./animation_God_WFT.pdf> <54> <./animation_God_WFT.pdf> <55> <./animation
_God_WFT.pdf> <56> <./animation_God_WFT.pdf> <57> <./animation_God_WFT.pdf>
<58> <./animation_God_WFT.pdf> <59> <./animation_God_WFT.pdf> <60> <./animation
_God_WFT.pdf> <61> <./animation_God_WFT.pdf> <62> <./animation_God_WFT.pdf>
<63> <./animation_God_WFT.pdf> <64> <./animation_God_WFT.pdf> <65> <./animation
_God_WFT.pdf> <66> <./animation_God_WFT.pdf> <67> <./animation_God_WFT.pdf>
<68> <./animation_God_WFT.pdf> <69> <./animation_God_WFT.pdf> <70> <./animation
_God_WFT.pdf> <71> <./animation_God_WFT.pdf> <72> <./animation_God_WFT.pdf>
<73> <./animation_God_WFT.pdf> <74> <./animation_God_WFT.pdf> <75> <./animation
_God_WFT.pdf> <76> <./animation_God_WFT.pdf> <77> <./animation_God_WFT.pdf>
<78> <./animation_God_WFT.pdf> <79> <./animation_God_WFT.pdf> <80> <./animation
_God_WFT.pdf> <81> <./animation_God_WFT.pdf> <82> <./animation_God_WFT.pdf>
<83> <./animation_God_WFT.pdf> <84> <./animation_God_WFT.pdf> <85> <./animation
_God_WFT.pdf> <86> <./animation_God_WFT.pdf> <87> <./animation_God_WFT.pdf>
<88> <./animation_God_WFT.pdf> <89> <./animation_God_WFT.pdf> <90> <./animation
_God_WFT.pdf> <91> <./animation_God_WFT_zoom.pdf> <1> <./animation_God_WFT_zoom
.pdf> <2> <./animation_God_WFT_zoom.pdf> <3> <./animation_God_WFT_zoom.pdf>
<4> <./animation_God_WFT_zoom.pdf> <5> <./animation_God_WFT_zoom.pdf> <6> <./an
imation_God_WFT_zoom.pdf> <7> <./animation_God_WFT_zoom.pdf> <8> <./animation_G
od_WFT_zoom.pdf> <9> <./animation_God_WFT_zoom.pdf> <10> <./animation_God_WFT_z
oom.pdf> <11> <./animation_God_WFT_zoom.pdf> <12> <./animation_God_WFT_zoom.pdf
> <13> <./animation_God_WFT_zoom.pdf> <14> <./animation_God_WFT_zoom.pdf> <15> 
<./animation_God_WFT_zoom.pdf> <16> <./animation_God_WFT_zoom.pdf> <17> <./anim
ation_God_WFT_zoom.pdf> <18> <./animation_God_WFT_zoom.pdf> <19> <./animation_G
od_WFT_zoom.pdf> <20> <./animation_God_WFT_zoom.pdf> <21> <./animation_God_WFT_
zoom.pdf> <22> <./animation_God_WFT_zoom.pdf> <23> <./animation_God_WFT_zoom.pd
f> <24> <./animation_God_WFT_zoom.pdf> <25> <./animation_God_WFT_zoom.pdf>
<26> <./animation_God_WFT_zoom.pdf> <27> <./animation_God_WFT_zoom.pdf> <28> <.
/animation_God_WFT_zoom.pdf> <29> <./animation_God_WFT_zoom.pdf> <30> <./animat
ion_God_WFT_zoom.pdf> <31> <./animation_God_WFT_zoom.pdf> <32> <./animation_God
_WFT_zoom.pdf> <33> <./animation_God_WFT_zoom.pdf> <34> <./animation_God_WFT_zo
om.pdf> <35> <./animation_God_WFT_zoom.pdf> <36> <./animation_God_WFT_zoom.pdf>
<37> <./animation_God_WFT_zoom.pdf> <38> <./animation_God_WFT_zoom.pdf> <39> <.
/animation_God_WFT_zoom.pdf> <40> <./animation_God_WFT_zoom.pdf> <41> <./animat
ion_God_WFT_zoom.pdf> <42> <./animation_God_WFT_zoom.pdf> <43> <./animation_God
_WFT_zoom.pdf> <44> <./animation_God_WFT_zoom.pdf> <45> <./animation_God_WFT_zo
om.pdf> <46> <./animation_God_WFT_zoom.pdf> <47> <./animation_God_WFT_zoom.pdf>
<48> <./animation_God_WFT_zoom.pdf> <49> <./animation_God_WFT_zoom.pdf> <50> <.
/animation_God_WFT_zoom.pdf> <51> <./animation_God_WFT_zoom.pdf> <52> <./animat
ion_God_WFT_zoom.pdf> <53> <./animation_God_WFT_zoom.pdf> <54> <./animation_God
_WFT_zoom.pdf> <55> <./animation_God_WFT_zoom.pdf> <56> <./animation_God_WFT_zo
om.pdf> <57> <./animation_God_WFT_zoom.pdf> <58> <./animation_God_WFT_zoom.pdf>
<59> <./animation_God_WFT_zoom.pdf> <60> <./animation_God_WFT_zoom.pdf> <61> <.
/animation_God_WFT_zoom.pdf> <62> <./animation_God_WFT_zoom.pdf> <63> <./animat
ion_God_WFT_zoom.pdf> <64> <./animation_God_WFT_zoom.pdf> <65> <./animation_God
_WFT_zoom.pdf> <66> <./animation_God_WFT_zoom.pdf> <67> <./animation_God_WFT_zo
om.pdf> <68> <./animation_God_WFT_zoom.pdf> <69> <./animation_God_WFT_zoom.pdf>
<70> <./animation_God_WFT_zoom.pdf> <71> <./animation_God_WFT_zoom.pdf> <72> <.
/animation_God_WFT_zoom.pdf> <73> <./animation_God_WFT_zoom.pdf> <74> <./animat
ion_God_WFT_zoom.pdf> <75> <./animation_God_WFT_zoom.pdf> <76> <./animation_God
_WFT_zoom.pdf> <77> <./animation_God_WFT_zoom.pdf> <78> <./animation_God_WFT_zo
om.pdf> <79> <./animation_God_WFT_zoom.pdf> <80> <./animation_God_WFT_zoom.pdf>
<81> <./animation_God_WFT_zoom.pdf> <82> <./animation_God_WFT_zoom.pdf> <83> <.
/animation_God_WFT_zoom.pdf> <84> <./animation_God_WFT_zoom.pdf> <85> <./animat
ion_God_WFT_zoom.pdf> <86> <./animation_God_WFT_zoom.pdf> <87> <./animation_God
_WFT_zoom.pdf> <88> <./animation_God_WFT_zoom.pdf> <89> <./animation_God_WFT_zo
om.pdf> <90> <./animation_God_WFT_zoom.pdf> <91>
Underfull \hbox (badness 10000) in paragraph at lines 249--274

 []

[4 <./ex_final.png (PNG copy)> <./ex_Stmoins.png (PNG copy)> <./WFTforward.png 
(PNG copy)>] <./animation_0.pdf> <1> <./animation_0.pdf> <2> <./animation_0.pdf
> <3> <./animation_0.pdf> <4> <./animation_0.pdf> <5> <./animation_0.pdf> <6> <
./animation_0.pdf> <7> <./animation_0.pdf> <8> <./animation_0.pdf> <9> <./anima
tion_0.pdf> <10> <./animation_0.pdf> <11> <./animation_0.pdf> <12> <./animation
_0.pdf> <13> <./animation_0.pdf> <14> <./animation_0.pdf> <15> <./animation_0.p
df> <16> <./animation_0.pdf> <17> <./animation_0.pdf> <18> <./animation_0.pdf>
<19> <./animation_0.pdf> <20> <./animation_0.pdf> <21> <./animation_0.pdf>
<22> <./animation_0.pdf> <23> <./animation_0.pdf> <24> <./animation_0.pdf>
<25> <./animation_0.pdf> <26> <./animation_0.pdf> <27> <./animation_0.pdf>
<28> <./animation_0.pdf> <29> <./animation_0.pdf> <30> <./animation_0.pdf>
<31> <./animation_0.pdf> <32> <./animation_0.pdf> <33> <./animation_0.pdf>
<34> <./animation_0.pdf> <35> <./animation_0.pdf> <36> <./animation_0.pdf>
<37> <./animation_0.pdf> <38> <./animation_0.pdf> <39> <./animation_0.pdf>
<40> <./animation_0.pdf> <41> <./animation_0.pdf> <42> <./animation_0.pdf>
<43> <./animation_0.pdf> <44> <./animation_0.pdf> <45> <./animation_0.pdf>
<46> <./animation_0.pdf> <47> <./animation_0.pdf> <48> <./animation_0.pdf>
<49> <./animation_0.pdf> <50> <./animation_0.pdf> <51> <./animation_0.pdf>
<52> <./animation_0.pdf> <53> <./animation_0.pdf> <54> <./animation_0.pdf>
<55> <./animation_0.pdf> <56> <./animation_0.pdf> <57> <./animation_0.pdf>
<58> <./animation_0.pdf> <59> <./animation_0.pdf> <60> <./animation_0.pdf>
<61> <./animation_0.pdf> <62> <./animation_0.pdf> <63> <./animation_0.pdf>
<64> <./animation_0.pdf> <65> <./animation_0.pdf> <66> <./animation_0.pdf>
<67> <./animation_0.pdf> <68> <./animation_0.pdf> <69> <./animation_0.pdf>
<70> <./animation_0.pdf> <71> <./animation_0.pdf> <72> <./animation_0.pdf>
<73> <./animation_0.pdf> <74> <./animation_0.pdf> <75> <./animation_0.pdf>
<76> <./animation_0.pdf> <77> <./animation_0.pdf> <78> <./animation_0.pdf>
<79> <./animation_0.pdf> <80> <./animation_0.pdf> <81> <./animation_0.pdf>
<82> <./animation_0.pdf> <83> <./animation_0.pdf> <84> <./animation_0.pdf>
<85> <./animation_0.pdf> <86> <./animation_0.pdf> <87> <./animation_0.pdf>
<88> <./animation_0.pdf> <89> <./animation_0.pdf> <90> <./animation_0.pdf>
<91> <./animation_0.pdf> <92> <./animation_0.pdf> <93> <./animation_0.pdf>
<94> <./animation_0.pdf> <95> <./animation_0.pdf> <96> <./animation_0.pdf>
<97> <./animation_0.pdf> <98> <./animation_0.pdf> <99> <./animation_0.pdf>
<100> <./animation_0.pdf> <101> <./animation_1.pdf> <1> <./animation_1.pdf>
<2> <./animation_1.pdf> <3> <./animation_1.pdf> <4> <./animation_1.pdf> <5> <./
animation_1.pdf> <6> <./animation_1.pdf> <7> <./animation_1.pdf> <8> <./animati
on_1.pdf> <9> <./animation_1.pdf> <10> <./animation_1.pdf> <11> <./animation_1.
pdf> <12> <./animation_1.pdf> <13> <./animation_1.pdf> <14> <./animation_1.pdf>
<15> <./animation_1.pdf> <16> <./animation_1.pdf> <17> <./animation_1.pdf>
<18> <./animation_1.pdf> <19> <./animation_1.pdf> <20> <./animation_1.pdf>
<21> <./animation_1.pdf> <22> <./animation_1.pdf> <23> <./animation_1.pdf>
<24> <./animation_1.pdf> <25> <./animation_1.pdf> <26> <./animation_1.pdf>
<27> <./animation_1.pdf> <28> <./animation_1.pdf> <29> <./animation_1.pdf>
<30> <./animation_1.pdf> <31> <./animation_1.pdf> <32> <./animation_1.pdf>
<33> <./animation_1.pdf> <34> <./animation_1.pdf> <35> <./animation_1.pdf>
<36> <./animation_1.pdf> <37> <./animation_1.pdf> <38> <./animation_1.pdf>
<39> <./animation_1.pdf> <40> <./animation_1.pdf> <41> <./animation_1.pdf>
<42> <./animation_1.pdf> <43> <./animation_1.pdf> <44> <./animation_1.pdf>
<45> <./animation_1.pdf> <46> <./animation_1.pdf> <47> <./animation_1.pdf>
<48> <./animation_1.pdf> <49> <./animation_1.pdf> <50> <./animation_1.pdf>
<51> <./animation_1.pdf> <52> <./animation_1.pdf> <53> <./animation_1.pdf>
<54> <./animation_1.pdf> <55> <./animation_1.pdf> <56> <./animation_1.pdf>
<57> <./animation_1.pdf> <58> <./animation_1.pdf> <59> <./animation_1.pdf>
<60> <./animation_1.pdf> <61> <./animation_1.pdf> <62> <./animation_1.pdf>
<63> <./animation_1.pdf> <64> <./animation_1.pdf> <65> <./animation_1.pdf>
<66> <./animation_1.pdf> <67> <./animation_1.pdf> <68> <./animation_1.pdf>
<69> <./animation_1.pdf> <70> <./animation_1.pdf> <71> <./animation_1.pdf>
<72> <./animation_1.pdf> <73> <./animation_1.pdf> <74> <./animation_1.pdf>
<75> <./animation_1.pdf> <76> <./animation_1.pdf> <77> <./animation_1.pdf>
<78> <./animation_1.pdf> <79> <./animation_1.pdf> <80> <./animation_1.pdf>
<81> <./animation_1.pdf> <82> <./animation_1.pdf> <83> <./animation_1.pdf>
<84> <./animation_1.pdf> <85> <./animation_1.pdf> <86> <./animation_1.pdf>
<87> <./animation_1.pdf> <88> <./animation_1.pdf> <89> <./animation_1.pdf>
<90> <./animation_1.pdf> <91> <./animation_1.pdf> <92> <./animation_1.pdf>
<93> <./animation_1.pdf> <94> <./animation_1.pdf> <95> <./animation_1.pdf>
<96> <./animation_1.pdf> <97> <./animation_1.pdf> <98> <./animation_1.pdf>
<99> <./animation_1.pdf> <100> <./animation_1.pdf> <101> <./animation_3.pdf>
<1> <./animation_3.pdf> <2> <./animation_3.pdf> <3> <./animation_3.pdf> <4> <./
animation_3.pdf> <5> <./animation_3.pdf> <6> <./animation_3.pdf> <7> <./animati
on_3.pdf> <8> <./animation_3.pdf> <9> <./animation_3.pdf> <10> <./animation_3.p
df> <11> <./animation_3.pdf> <12> <./animation_3.pdf> <13> <./animation_3.pdf>
<14> <./animation_3.pdf> <15> <./animation_3.pdf> <16> <./animation_3.pdf>
<17> <./animation_3.pdf> <18> <./animation_3.pdf> <19> <./animation_3.pdf>
<20> <./animation_3.pdf> <21> <./animation_3.pdf> <22> <./animation_3.pdf>
<23> <./animation_3.pdf> <24> <./animation_3.pdf> <25> <./animation_3.pdf>
<26> <./animation_3.pdf> <27> <./animation_3.pdf> <28> <./animation_3.pdf>
<29> <./animation_3.pdf> <30> <./animation_3.pdf> <31> <./animation_3.pdf>
<32> <./animation_3.pdf> <33> <./animation_3.pdf> <34> <./animation_3.pdf>
<35> <./animation_3.pdf> <36> <./animation_3.pdf> <37> <./animation_3.pdf>
<38> <./animation_3.pdf> <39> <./animation_3.pdf> <40> <./animation_3.pdf>
<41> <./animation_3.pdf> <42> <./animation_3.pdf> <43> <./animation_3.pdf>
<44> <./animation_3.pdf> <45> <./animation_3.pdf> <46> <./animation_3.pdf>
<47> <./animation_3.pdf> <48> <./animation_3.pdf> <49> <./animation_3.pdf>
<50> <./animation_3.pdf> <51> <./animation_3.pdf> <52> <./animation_3.pdf>
<53> <./animation_3.pdf> <54> <./animation_3.pdf> <55> <./animation_3.pdf>
<56> <./animation_3.pdf> <57> <./animation_3.pdf> <58> <./animation_3.pdf>
<59> <./animation_3.pdf> <60> <./animation_3.pdf> <61> <./animation_3.pdf>
<62> <./animation_3.pdf> <63> <./animation_3.pdf> <64> <./animation_3.pdf>
<65> <./animation_3.pdf> <66> <./animation_3.pdf> <67> <./animation_3.pdf>
<68> <./animation_3.pdf> <69> <./animation_3.pdf> <70> <./animation_3.pdf>
<71> <./animation_3.pdf> <72> <./animation_3.pdf> <73> <./animation_3.pdf>
<74> <./animation_3.pdf> <75> <./animation_3.pdf> <76> <./animation_3.pdf>
<77> <./animation_3.pdf> <78> <./animation_3.pdf> <79> <./animation_3.pdf>
<80> <./animation_3.pdf> <81> <./animation_3.pdf> <82> <./animation_3.pdf>
<83> <./animation_3.pdf> <84> <./animation_3.pdf> <85> <./animation_3.pdf>
<86> <./animation_3.pdf> <87> <./animation_3.pdf> <88> <./animation_3.pdf>
<89> <./animation_3.pdf> <90> <./animation_3.pdf> <91> <./animation_3.pdf>
<92> <./animation_3.pdf> <93> <./animation_3.pdf> <94> <./animation_3.pdf>
<95> <./animation_3.pdf> <96> <./animation_3.pdf> <97> <./animation_3.pdf>
<98> <./animation_3.pdf> <99> <./animation_3.pdf> <100> <./animation_3.pdf>
<101> <./animation_4.pdf> <1> <./animation_4.pdf> <2> <./animation_4.pdf> <3> <
./animation_4.pdf> <4> <./animation_4.pdf> <5> <./animation_4.pdf> <6> <./anima
tion_4.pdf> <7> <./animation_4.pdf> <8> <./animation_4.pdf> <9> <./animation_4.
pdf> <10> <./animation_4.pdf> <11> <./animation_4.pdf> <12> <./animation_4.pdf>
<13> <./animation_4.pdf> <14> <./animation_4.pdf> <15> <./animation_4.pdf>
<16> <./animation_4.pdf> <17> <./animation_4.pdf> <18> <./animation_4.pdf>
<19> <./animation_4.pdf> <20> <./animation_4.pdf> <21> <./animation_4.pdf>
<22> <./animation_4.pdf> <23> <./animation_4.pdf> <24> <./animation_4.pdf>
<25> <./animation_4.pdf> <26> <./animation_4.pdf> <27> <./animation_4.pdf>
<28> <./animation_4.pdf> <29> <./animation_4.pdf> <30> <./animation_4.pdf>
<31> <./animation_4.pdf> <32> <./animation_4.pdf> <33> <./animation_4.pdf>
<34> <./animation_4.pdf> <35> <./animation_4.pdf> <36> <./animation_4.pdf>
<37> <./animation_4.pdf> <38> <./animation_4.pdf> <39> <./animation_4.pdf>
<40> <./animation_4.pdf> <41> <./animation_4.pdf> <42> <./animation_4.pdf>
<43> <./animation_4.pdf> <44> <./animation_4.pdf> <45> <./animation_4.pdf>
<46> <./animation_4.pdf> <47> <./animation_4.pdf> <48> <./animation_4.pdf>
<49> <./animation_4.pdf> <50> <./animation_4.pdf> <51> <./animation_4.pdf>
<52> <./animation_4.pdf> <53> <./animation_4.pdf> <54> <./animation_4.pdf>
<55> <./animation_4.pdf> <56> <./animation_4.pdf> <57> <./animation_4.pdf>
<58> <./animation_4.pdf> <59> <./animation_4.pdf> <60> <./animation_4.pdf>
<61> <./animation_4.pdf> <62> <./animation_4.pdf> <63> <./animation_4.pdf>
<64> <./animation_4.pdf> <65> <./animation_4.pdf> <66> <./animation_4.pdf>
<67> <./animation_4.pdf> <68> <./animation_4.pdf> <69> <./animation_4.pdf>
<70> <./animation_4.pdf> <71> <./animation_4.pdf> <72> <./animation_4.pdf>
<73> <./animation_4.pdf> <74> <./animation_4.pdf> <75> <./animation_4.pdf>
<76> <./animation_4.pdf> <77> <./animation_4.pdf> <78> <./animation_4.pdf>
<79> <./animation_4.pdf> <80> <./animation_4.pdf> <81> <./animation_4.pdf>
<82> <./animation_4.pdf> <83> <./animation_4.pdf> <84> <./animation_4.pdf>
<85> <./animation_4.pdf> <86> <./animation_4.pdf> <87> <./animation_4.pdf>
<88> <./animation_4.pdf> <89> <./animation_4.pdf> <90> <./animation_4.pdf>
<91> <./animation_4.pdf> <92> <./animation_4.pdf> <93> <./animation_4.pdf>
<94> <./animation_4.pdf> <95> <./animation_4.pdf> <96> <./animation_4.pdf>
<97> <./animation_4.pdf> <98> <./animation_4.pdf> <99> <./animation_4.pdf>
<100> <./animation_4.pdf> <101>
Overfull \hbox (20.90028pt too wide) in paragraph at lines 307--308
 [] 
 []

[5] (./Dycon_InverseProblem.bbl [6])
Package atenddvi Info: Last page = 7.
 [7]
Package atveryend Info: Empty hook `BeforeClearDocument' on input line 326.
Package atveryend Info: Executing hook `AfterLastShipout' on input line 326.
 (./Dycon_InverseProblem.aux)
Package atveryend Info: Executing hook `AtVeryEndDocument' on input line 326.
Package atveryend Info: Executing hook `AtEndAfterFileList' on input line 326.
Package rerunfilecheck Info: File `Dycon_InverseProblem.out' has not changed.
(rerunfilecheck)             Checksum: 44EB71D5509E61FC6DE578A429522A0C;102.
Package atveryend Info: Empty hook `AtVeryVeryEnd' on input line 326.
 ) 
Here is how much of TeX's memory you used:
 29691 strings out of 493089
 578310 string characters out of 6134842
 716680 words of memory out of 5000000
 32681 multiletter control sequences out of 15000+600000
 13091 words of font info for 55 fonts, out of 8000000 for 9000
 1141 hyphenation exceptions out of 8191
 48i,12n,64p,10384b,792s stack positions out of 5000i,500n,10000p,200000b,80000s
</usr/local/texlive/2015/texmf-dist/fonts/type1/public/bbold-type1/bbold10.pf
b></usr/local/texlive/2015/texmf-dist/fonts/type1/public/bbold-type1/bbold7.pfb
></usr/local/texlive/2015/texmf-dist/fonts/type1/public/amsfonts/cm/cmbx10.pfb>
</usr/local/texlive/2015/texmf-dist/fonts/type1/public/amsfonts/cm/cmbx12.pfb><
/usr/local/texlive/2015/texmf-dist/fonts/type1/public/amsfonts/cm/cmex10.pfb></
usr/local/texlive/2015/texmf-dist/fonts/type1/public/amsfonts/cm/cmmi10.pfb></u
sr/local/texlive/2015/texmf-dist/fonts/type1/public/amsfonts/cm/cmmi5.pfb></usr
/local/texlive/2015/texmf-dist/fonts/type1/public/amsfonts/cm/cmmi7.pfb></usr/l
ocal/texlive/2015/texmf-dist/fonts/type1/public/amsfonts/cm/cmr10.pfb></usr/loc
al/texlive/2015/texmf-dist/fonts/type1/public/amsfonts/cm/cmr12.pfb></usr/local
/texlive/2015/texmf-dist/fonts/type1/public/amsfonts/cm/cmr17.pfb></usr/local/t
exlive/2015/texmf-dist/fonts/type1/public/amsfonts/cm/cmr5.pfb></usr/local/texl
ive/2015/texmf-dist/fonts/type1/public/amsfonts/cm/cmr7.pfb></usr/local/texlive
/2015/texmf-dist/fonts/type1/public/amsfonts/cm/cmr8.pfb></usr/local/texlive/20
15/texmf-dist/fonts/type1/public/amsfonts/cm/cmsy10.pfb></usr/local/texlive/201
5/texmf-dist/fonts/type1/public/amsfonts/cm/cmsy6.pfb></usr/local/texlive/2015/
texmf-dist/fonts/type1/public/amsfonts/cm/cmsy7.pfb></usr/local/texlive/2015/te
xmf-dist/fonts/type1/public/amsfonts/cm/cmsy8.pfb></usr/local/texlive/2015/texm
f-dist/fonts/type1/public/amsfonts/cm/cmti10.pfb></usr/local/texlive/2015/texmf
-dist/fonts/type1/public/amsfonts/cm/cmti8.pfb></usr/local/texlive/2015/texmf-d
ist/fonts/type1/public/amsfonts/symbols/msbm10.pfb>
Output written on Dycon_InverseProblem.pdf (7 pages, 6938956 bytes).
PDF statistics:
 3382 PDF objects out of 3580 (max. 8388607)
 1546 compressed objects within 16 object streams
 41 named destinations out of 1000 (max. 500000)
 10123 words of extra memory for PDF output out of 12000 (max. 10000000)

